c:\users\vivie\documents\visual studio 2015\projects\mf_db 2\mf_db\x64\debug\vc140.pdb
c:\users\vivie\documents\visual studio 2015\projects\mf_db 2\mf_db\x64\debug\.netframework,version=v4.5.2.assemblyattributes.obj
c:\users\vivie\documents\visual studio 2015\projects\mf_db 2\mf_db\x64\debug\.netframework,version=v4.5.2.assemblyattributes.asm
c:\users\vivie\documents\visual studio 2015\projects\mf_db 2\mf_db\x64\debug\selection.obj
c:\users\vivie\documents\visual studio 2015\projects\mf_db 2\mf_db\x64\debug\myform.obj
c:\users\vivie\documents\visual studio 2015\projects\mf_db 2\x64\debug\mf_db.exe
c:\users\vivie\documents\visual studio 2015\projects\mf_db 2\x64\debug\mf_db.pdb
c:\users\vivie\documents\visual studio 2015\projects\mf_db 2\mf_db\x64\debug\mf_db.myform.resources
c:\users\vivie\documents\visual studio 2015\projects\mf_db 2\mf_db\x64\debug\mf_db.selection.resources
c:\users\vivie\documents\visual studio 2015\projects\mf_db 2\mf_db\x64\debug\mf_db.vcxproj.generateresource.cache
c:\users\vivie\documents\visual studio 2015\projects\mf_db 2\mf_db\x64\debug\mf_db.vcxprojresolveassemblyreference.cache
c:\users\vivie\documents\visual studio 2015\projects\mf_db 2\mf_db\x64\debug\mf_db.tlog\cl.command.1.tlog
c:\users\vivie\documents\visual studio 2015\projects\mf_db 2\mf_db\x64\debug\mf_db.tlog\cl.read.1.tlog
c:\users\vivie\documents\visual studio 2015\projects\mf_db 2\mf_db\x64\debug\mf_db.tlog\cl.write.1.tlog
c:\users\vivie\documents\visual studio 2015\projects\mf_db 2\mf_db\x64\debug\mf_db.tlog\link.command.1.tlog
c:\users\vivie\documents\visual studio 2015\projects\mf_db 2\mf_db\x64\debug\mf_db.tlog\link.read.1.tlog
c:\users\vivie\documents\visual studio 2015\projects\mf_db 2\mf_db\x64\debug\mf_db.tlog\link.write.1.tlog
c:\users\vivie\documents\visual studio 2015\projects\mf_db 2\mf_db\x64\debug\mf_db.tlog\metagen.read.1.tlog
c:\users\vivie\documents\visual studio 2015\projects\mf_db 2\mf_db\x64\debug\mf_db.tlog\metagen.write.1.tlog
c:\users\vivie\documents\visual studio 2015\projects\mf_db 2\mf_db\x64\debug\mf_db.tlog\mf_db.write.1u.tlog
